<?xml version="1.0" encoding="UTF-8"?>
<!-- Generated by org.testng.reporters.JUnitReportReporter -->
<testsuite hostname="TanLe" name="login.TC01_LoginInvalid" tests="1" failures="0" timestamp="10 Sep 2015 13:55:25 GMT" time="6.570" errors="0">
  <testcase name="loginInvalid_01_InvalidEmail" time="6.570" classname="login.TC01_LoginInvalid"/>
</testsuite> <!-- login.TC01_LoginInvalid -->
