<?xml version="1.0" encoding="UTF-8"?>
<!-- Generated by org.testng.reporters.JUnitReportReporter -->
<testsuite hostname="TanLe" name="login.testing" tests="1" failures="0" timestamp="10 Sep 2015 12:47:19 GMT" time="0.008" errors="0">
  <testcase name="cloudDocs_01_OpenAndDeleteFile" time="0.008" classname="login.testing"/>
</testsuite> <!-- login.testing -->
